[info] Log at : 2024/3/2|21:29:55|GMT+0800

[info] Log at : 2024/3/2|22:28:24|GMT+0800

[info] Log at : 2024/3/2|22:28:33|GMT+0800

[info] Log at : 2024/3/3|15:33:07|GMT+0800

[info] Log at : 2024/3/3|17:14:09|GMT+0800

[info] Log at : 2024/3/3|17:15:33|GMT+0800

[info] Log at : 2024/3/3|17:17:10|GMT+0800

[info] Log at : 2024/3/3|17:18:02|GMT+0800

[info] Log at : 2024/3/4|10:57:33|GMT+0800

[info] Log at : 2024/3/4|12:51:36|GMT+0800

[info] Log at : 2024/3/4|13:19:33|GMT+0800

[info] Log at : 2024/3/4|21:10:13|GMT+0800

[info] Log at : 2024/3/4|21:10:18|GMT+0800

[info] Log at : 2024/3/5|13:08:40|GMT+0800

SyntaxError: Unexpected token '<', ..."Path": [
<<<<<<< HE"... is not valid JSON
    at JSON.parse (<anonymous>)
    at F.updateCppProperties (c:\Users\27774\.vscode\extensions\cl.keil-assistant-1.7.0\dist\extension.js:1:10911)
    at F.<anonymous> (c:\Users\27774\.vscode\extensions\cl.keil-assistant-1.7.0\dist\extension.js:1:12641)
    at Generator.next (<anonymous>)
    at c:\Users\27774\.vscode\extensions\cl.keil-assistant-1.7.0\dist\extension.js:1:4542
    at new Promise (<anonymous>)
    at r (c:\Users\27774\.vscode\extensions\cl.keil-assistant-1.7.0\dist\extension.js:1:4287)
    at F.load (c:\Users\27774\.vscode\extensions\cl.keil-assistant-1.7.0\dist\extension.js:1:11372)
    at w.<anonymous> (c:\Users\27774\.vscode\extensions\cl.keil-assistant-1.7.0\dist\extension.js:1:8799)
    at Generator.next (<anonymous>)
    at a (c:\Users\27774\.vscode\extensions\cl.keil-assistant-1.7.0\dist\extension.js:1:4344)
[info] Log at : 2024/3/5|13:44:41|GMT+0800

[info] Log at : 2024/3/5|13:44:43|GMT+0800

[info] Log at : 2024/3/5|15:34:41|GMT+0800

[info] Log at : 2024/3/5|15:47:21|GMT+0800

[info] Log at : 2024/3/6|09:50:08|GMT+0800

[info] Log at : 2024/3/6|09:50:11|GMT+0800

[info] Log at : 2024/3/6|09:54:47|GMT+0800

[info] Log at : 2024/3/6|09:54:49|GMT+0800

[info] Log at : 2024/3/6|09:56:09|GMT+0800

[info] Log at : 2024/3/6|09:58:51|GMT+0800

[info] Log at : 2024/3/6|09:58:55|GMT+0800

[info] Log at : 2024/3/6|12:47:47|GMT+0800

[info] Log at : 2024/3/6|12:47:51|GMT+0800

[info] Log at : 2024/3/6|12:48:18|GMT+0800

[info] Log at : 2024/3/6|12:48:21|GMT+0800

[info] Log at : 2024/3/6|14:10:03|GMT+0800

[info] Log at : 2024/3/6|18:21:06|GMT+0800

[info] Log at : 2024/3/7|12:08:04|GMT+0800

