*** Using Compiler 'V6.19', folder: 'C:\Keil_v5\ARM\ARMCLANG\Bin'
Build target 'rt-thread'
Note: source file 'rt-thread\src\clock.c' - object file renamed from '.\build\keil\Obj\src_clock.o' to '.\build\keil\Obj\src_clock.o'.Note: source file 'rt-thread\src\thread.c' - object file renamed from '.\build\keil\Obj\src_thread.o' to '.\build\keil\Obj\src_thread.o'.compiling drv_chassis.c...
applications/main.c(20): warning: In file included from...applications/Emm_V5.h(21): warning: redefinition of typedef 'stepper_motor_t' is a C11 feature [-Wtypedef-redefinition]
typedef struct stepper_motor stepper_motor_t;
                             ^
applications/drv_stepper_motor.h(40): note: previous definition is here
}stepper_motor_t;
 ^
applications/main.c(24): warning: In file included from...applications/motor.h(16): warning: In file included from...applications/apid.h(189): warning: redefinition of typedef 'apid_t' is a C11 feature [-Wtypedef-redefinition]
    }apid_t;
     ^
applications/apid.h(177): note: previous definition is here
    typedef  struct _PID_T apid_t;
                           ^
applications/main.c(24): warning: In file included from...applications/motor.h(90): warning: redefinition of typedef 'motor_t' is a C11 feature [-Wtypedef-redefinition]
}motor_t;
 ^
applications/motor.h(51): note: previous definition is here
typedef struct motor motor_t;
                     ^
3 warnings generated.
compiling main.c...
linking...
Program Size: Code=118060 RO-data=12444 RW-data=3316 ZI-data=6932  
After Build - User command #1: fromelf --bin .\build\keil\Obj\rt-thread.axf --output rtthread.bin
".\build\keil\Obj\rt-thread.axf" - 0 Error(s), 3 Warning(s).
Build Time Elapsed:  00:00:03
